-------------------------------------------

    ####    #   #   #####    ####    #####
   #    #   ##  #     #     #    #   #    #
   #    #   # # #     #     #    #   #####
   #    #   #  ##     #     #    #   #
    ####    #   #     #      ####    #

   v5.3.0
   (Java 11.0.27, Linux 5.15.0-139-generic)
-------------------------------------------




04:19:12.953 |-INFO  in i.u.i.o.e.OntopEndpointApplication - Starting OntopEndpointApplication v5.3.0 using Java 11.0.27 on vmi2027345.contaboserver.net with PID 947184 (/var/www/my-webapp/myapp/obda/lib/ontop-endpoint-5.3.0.jar started by root in /var/www/my-webapp/myapp/obda)
04:19:12.979 |-INFO  in i.u.i.o.e.OntopEndpointApplication - No active profile set, falling back to 1 default profile: "default"
04:19:15.989 |-INFO  in o.s.b.w.e.tomcat.TomcatWebServer - Tomcat initialized with port(s): 8080 (http)
04:19:16.011 |-INFO  in o.a.coyote.http11.Http11NioProtocol - Initializing ProtocolHandler ["http-nio-8080"]
04:19:16.017 |-INFO  in o.a.catalina.core.StandardService - Starting service [Tomcat]
04:19:16.017 |-INFO  in o.a.catalina.core.StandardEngine - Starting Servlet engine: [Apache Tomcat/9.0.98]
04:19:16.279 |-INFO  in o.a.c.c.C.[Tomcat].[localhost].[/] - Initializing Spring embedded WebApplicationContext
04:19:16.280 |-INFO  in o.s.b.w.s.c.ServletWebServerApplicationContext - Root WebApplicationContext: initialization completed in 3142 ms
04:19:21.208 |-WARN  in i.u.i.o.s.o.o.OWLAPITranslatorOWL2QL - Axiom does not belong to OWL 2 QL: TransitiveObjectProperty(<http://www.w3.org/2004/02/skos/core#broaderTransitive>)
04:19:21.223 |-WARN  in i.u.i.o.s.o.o.OWLAPITranslatorOWL2QL - Axiom does not belong to OWL 2 QL: TransitiveObjectProperty(<http://www.w3.org/2004/02/skos/core#exactMatch>)
04:19:21.223 |-WARN  in i.u.i.o.s.o.o.OWLAPITranslatorOWL2QL - Axiom does not belong to OWL 2 QL: TransitiveObjectProperty(<http://www.w3.org/2004/02/skos/core#narrowerTransitive>)
04:19:21.232 |-WARN  in i.u.i.o.s.o.o.OWLAPITranslatorOWL2QL - Axiom does not belong to OWL 2 QL: DataPropertyRange(<https://w3id.org/brainteaser/ontology/schema/predominantMotorNeuron> DataOneOf("both motor neuron"^^xsd:string "lower motor neuron"^^xsd:string "upper motor neuron"^^xsd:string)) (unsupported OWLDataRange construct: DataOneOf("both motor neuron"^^xsd:string "lower motor neuron"^^xsd:string "upper motor neuron"^^xsd:string))
04:19:21.233 |-WARN  in i.u.i.o.s.o.o.OWLAPITranslatorOWL2QL - Axiom does not belong to OWL 2 QL: DataPropertyRange(<https://w3id.org/brainteaser/ontology/schema/normalLevel> xsd:boolean) (unsupported datatype: XSD_BOOLEAN)
04:19:21.245 |-WARN  in i.u.i.o.s.o.o.OWLAPITranslatorOWL2QL - Axiom does not belong to OWL 2 QL: DataPropertyRange(<https://w3id.org/brainteaser/ontology/schema/alcoholUse> xsd:boolean) (unsupported datatype: XSD_BOOLEAN)
04:19:21.246 |-WARN  in i.u.i.o.s.o.o.OWLAPITranslatorOWL2QL - Axiom does not belong to OWL 2 QL: DataPropertyRange(<https://w3id.org/brainteaser/ontology/schema/pulmonaryMEPAbs> xsd:float) (unsupported datatype: XSD_FLOAT)
04:19:21.247 |-WARN  in i.u.i.o.s.o.o.OWLAPITranslatorOWL2QL - Axiom does not belong to OWL 2 QL: DataPropertyRange(<https://w3id.org/brainteaser/ontology/schema/pulmonaryMIPAbs> xsd:float) (unsupported datatype: XSD_FLOAT)
04:19:21.247 |-WARN  in i.u.i.o.s.o.o.OWLAPITranslatorOWL2QL - Axiom does not belong to OWL 2 QL: DataPropertyRange(<https://w3id.org/brainteaser/ontology/schema/cognitiveRelapse> xsd:boolean) (unsupported datatype: XSD_BOOLEAN)
04:19:21.248 |-WARN  in i.u.i.o.s.o.o.OWLAPITranslatorOWL2QL - Axiom does not belong to OWL 2 QL: DataPropertyRange(<https://w3id.org/brainteaser/ontology/schema/contiguousLesionsMRI> xsd:boolean) (unsupported datatype: XSD_BOOLEAN)
04:19:21.248 |-WARN  in i.u.i.o.s.o.o.OWLAPITranslatorOWL2QL - Axiom does not belong to OWL 2 QL: DataPropertyRange(<https://w3id.org/brainteaser/ontology/schema/ageOnset> xsd:float) (unsupported datatype: XSD_FLOAT)
04:19:21.248 |-WARN  in i.u.i.o.s.o.o.OWLAPITranslatorOWL2QL - Axiom does not belong to OWL 2 QL: DataPropertyRange(<https://w3id.org/brainteaser/ontology/schema/measurementCalibrated> xsd:float) (unsupported datatype: XSD_FLOAT)
04:19:21.249 |-WARN  in i.u.i.o.s.o.o.OWLAPITranslatorOWL2QL - Axiom does not belong to OWL 2 QL: DataPropertyRange(<https://w3id.org/brainteaser/ontology/schema/virusJCTestedCSF> xsd:boolean) (unsupported datatype: XSD_BOOLEAN)
04:19:21.249 |-WARN  in i.u.i.o.s.o.o.OWLAPITranslatorOWL2QL - Axiom does not belong to OWL 2 QL: DataPropertyRange(<https://w3id.org/brainteaser/ontology/schema/cerebellarRelapse> xsd:boolean) (unsupported datatype: XSD_BOOLEAN)
04:19:21.249 |-WARN  in i.u.i.o.s.o.o.OWLAPITranslatorOWL2QL - Axiom does not belong to OWL 2 QL: DataPropertyRange(<https://w3id.org/brainteaser/ontology/schema/limbsOnset> xsd:boolean) (unsupported datatype: XSD_BOOLEAN)
04:19:21.250 |-WARN  in i.u.i.o.s.o.o.OWLAPITranslatorOWL2QL - Axiom does not belong to OWL 2 QL: DataPropertyRange(<https://w3id.org/brainteaser/ontology/schema/evokedPotentialsLocation> DataOneOf("left"^^xsd:string "lower"^^xsd:string "lower left"^^xsd:string "lower right"^^xsd:string "right"^^xsd:string "upper"^^xsd:string "upper left"^^xsd:string "upper right"^^xsd:string)) (unsupported OWLDataRange construct: DataOneOf("left"^^xsd:string "lower"^^xsd:string "lower left"^^xsd:string "lower right"^^xsd:string "right"^^xsd:string "upper"^^xsd:string "upper left"^^xsd:string "upper right"^^xsd:string))
04:19:21.250 |-WARN  in i.u.i.o.s.o.o.OWLAPITranslatorOWL2QL - Axiom does not belong to OWL 2 QL: DataPropertyRange(<https://w3id.org/brainteaser/ontology/schema/pyramidalRelapse> xsd:boolean) (unsupported datatype: XSD_BOOLEAN)
04:19:21.250 |-WARN  in i.u.i.o.s.o.o.OWLAPITranslatorOWL2QL - Axiom does not belong to OWL 2 QL: DataPropertyRange(<https://w3id.org/brainteaser/ontology/schema/sensoryRelapse> xsd:boolean) (unsupported datatype: XSD_BOOLEAN)
04:19:21.251 |-WARN  in i.u.i.o.s.o.o.OWLAPITranslatorOWL2QL - Axiom does not belong to OWL 2 QL: DataPropertyRange(<https://w3id.org/brainteaser/ontology/schema/pulmonaryVCAbs> xsd:float) (unsupported datatype: XSD_FLOAT)
04:19:21.251 |-WARN  in i.u.i.o.s.o.o.OWLAPITranslatorOWL2QL - Axiom does not belong to OWL 2 QL: DataPropertyRange(<https://w3id.org/brainteaser/ontology/schema/weight> xsd:float) (unsupported datatype: XSD_FLOAT)
04:19:21.251 |-WARN  in i.u.i.o.s.o.o.OWLAPITranslatorOWL2QL - Axiom does not belong to OWL 2 QL: DataPropertyRange(<https://w3id.org/brainteaser/ontology/schema/multipleSclerosisType> DataOneOf("clinically isolated syndrome (CIS)"^^xsd:string "primary progressive MS (PP)"^^xsd:string "radiologically isolated syndrome (RIS)"^^xsd:string "relapsing-remitting MS (RR)"^^xsd:string "secondary progressive MS (SP)"^^xsd:string)) (unsupported OWLDataRange construct: DataOneOf("clinically isolated syndrome (CIS)"^^xsd:string "primary progressive MS (PP)"^^xsd:string "radiologically isolated syndrome (RIS)"^^xsd:string "relapsing-remitting MS (RR)"^^xsd:string "secondary progressive MS (SP)"^^xsd:string))
04:19:21.252 |-WARN  in i.u.i.o.s.o.o.OWLAPITranslatorOWL2QL - Axiom does not belong to OWL 2 QL: DataPropertyRange(<https://w3id.org/brainteaser/ontology/schema/pulmonaryFVCRel> xsd:float) (unsupported datatype: XSD_FLOAT)
04:19:21.252 |-WARN  in i.u.i.o.s.o.o.OWLAPITranslatorOWL2QL - Axiom does not belong to OWL 2 QL: DataPropertyRange(<https://w3id.org/brainteaser/ontology/schema/lymphocytesCSF> xsd:float) (unsupported datatype: XSD_FLOAT)
04:19:21.252 |-WARN  in i.u.i.o.s.o.o.OWLAPITranslatorOWL2QL - Axiom does not belong to OWL 2 QL: DataPropertyRange(<https://w3id.org/brainteaser/ontology/schema/placeArea> DataOneOf("city"^^xsd:string "rural"^^xsd:string "town"^^xsd:string)) (unsupported OWLDataRange construct: DataOneOf("city"^^xsd:string "rural"^^xsd:string "town"^^xsd:string))
04:19:21.253 |-WARN  in i.u.i.o.s.o.o.OWLAPITranslatorOWL2QL - Axiom does not belong to OWL 2 QL: DataPropertyRange(<https://w3id.org/brainteaser/ontology/schema/hasMutation> xsd:boolean) (unsupported datatype: XSD_BOOLEAN)
04:19:21.253 |-WARN  in i.u.i.o.s.o.o.OWLAPITranslatorOWL2QL - Axiom does not belong to OWL 2 QL: DataPropertyRange(<https://w3id.org/brainteaser/ontology/schema/axialOnset> xsd:boolean) (unsupported datatype: XSD_BOOLEAN)
04:19:21.254 |-WARN  in i.u.i.o.s.o.o.OWLAPITranslatorOWL2QL - Axiom does not belong to OWL 2 QL: DataPropertyRange(<https://w3id.org/brainteaser/ontology/schema/quotientAlbuminCSF> xsd:float) (unsupported datatype: XSD_FLOAT)
04:19:21.254 |-WARN  in i.u.i.o.s.o.o.OWLAPITranslatorOWL2QL - Axiom does not belong to OWL 2 QL: DataPropertyRange(<https://w3id.org/brainteaser/ontology/schema/relapseHospitalAdmission> xsd:boolean) (unsupported datatype: XSD_BOOLEAN)
04:19:21.254 |-WARN  in i.u.i.o.s.o.o.OWLAPITranslatorOWL2QL - Axiom does not belong to OWL 2 QL: DataPropertyRange(<https://w3id.org/brainteaser/ontology/schema/gadoliniumLesionsT1MRI> xsd:boolean) (unsupported datatype: XSD_BOOLEAN)
04:19:21.254 |-WARN  in i.u.i.o.s.o.o.OWLAPITranslatorOWL2QL - Axiom does not belong to OWL 2 QL: DataPropertyRange(<https://w3id.org/brainteaser/ontology/schema/packYear> xsd:float) (unsupported datatype: XSD_FLOAT)
04:19:21.255 |-WARN  in i.u.i.o.s.o.o.OWLAPITranslatorOWL2QL - Axiom does not belong to OWL 2 QL: DataPropertyRange(<https://w3id.org/brainteaser/ontology/schema/proteinsCSF> xsd:float) (unsupported datatype: XSD_FLOAT)
04:19:21.255 |-WARN  in i.u.i.o.s.o.o.OWLAPITranslatorOWL2QL - Axiom does not belong to OWL 2 QL: DataPropertyRange(<https://w3id.org/brainteaser/ontology/schema/glucoseCSF> xsd:float) (unsupported datatype: XSD_FLOAT)
04:19:21.255 |-WARN  in i.u.i.o.s.o.o.OWLAPITranslatorOWL2QL - Axiom does not belong to OWL 2 QL: DataPropertyRange(<https://w3id.org/brainteaser/ontology/schema/newOrEnlargedLesionsT2MRI> xsd:boolean) (unsupported datatype: XSD_BOOLEAN)
04:19:21.255 |-WARN  in i.u.i.o.s.o.o.OWLAPITranslatorOWL2QL - Axiom does not belong to OWL 2 QL: DataPropertyRange(<https://w3id.org/brainteaser/ontology/schema/pulmonaryFEV6> xsd:float) (unsupported datatype: XSD_FLOAT)
04:19:21.256 |-WARN  in i.u.i.o.s.o.o.OWLAPITranslatorOWL2QL - Axiom does not belong to OWL 2 QL: DataPropertyRange(<https://w3id.org/brainteaser/ontology/schema/menopauseStatus> xsd:boolean) (unsupported datatype: XSD_BOOLEAN)
04:19:21.256 |-WARN  in i.u.i.o.s.o.o.OWLAPITranslatorOWL2QL - Axiom does not belong to OWL 2 QL: DataPropertyRange(<https://w3id.org/brainteaser/ontology/schema/relapseRecovery> DataOneOf("complete"^^xsd:string "none"^^xsd:string "partial"^^xsd:string)) (unsupported OWLDataRange construct: DataOneOf("complete"^^xsd:string "none"^^xsd:string "partial"^^xsd:string))
04:19:21.256 |-WARN  in i.u.i.o.s.o.o.OWLAPITranslatorOWL2QL - Axiom does not belong to OWL 2 QL: DataPropertyRange(<https://w3id.org/brainteaser/ontology/schema/leukocytesCountCSF> xsd:float) (unsupported datatype: XSD_FLOAT)
04:19:21.257 |-WARN  in i.u.i.o.s.o.o.OWLAPITranslatorOWL2QL - Axiom does not belong to OWL 2 QL: DataPropertyRange(<https://w3id.org/brainteaser/ontology/schema/relapseSequela> xsd:boolean) (unsupported datatype: XSD_BOOLEAN)
04:19:21.257 |-WARN  in i.u.i.o.s.o.o.OWLAPITranslatorOWL2QL - Axiom does not belong to OWL 2 QL: DataPropertyRange(<https://w3id.org/brainteaser/ontology/schema/onsetElapsedTime> DataOneOf("beyond 5years"^^xsd:string "within 5 yeras"^^xsd:string)) (unsupported OWLDataRange construct: DataOneOf("beyond 5years"^^xsd:string "within 5 yeras"^^xsd:string))
04:19:21.257 |-WARN  in i.u.i.o.s.o.o.OWLAPITranslatorOWL2QL - Axiom does not belong to OWL 2 QL: DataPropertyRange(<https://w3id.org/brainteaser/ontology/schema/relapseSeverity> DataOneOf("life risk"^^xsd:string "moderate"^^xsd:string "serious"^^xsd:string "slight"^^xsd:string)) (unsupported OWLDataRange construct: DataOneOf("life risk"^^xsd:string "moderate"^^xsd:string "serious"^^xsd:string "slight"^^xsd:string))
04:19:21.258 |-WARN  in i.u.i.o.s.o.o.OWLAPITranslatorOWL2QL - Axiom does not belong to OWL 2 QL: DataPropertyRange(<https://w3id.org/brainteaser/ontology/schema/IgGIndexCSF> xsd:float) (unsupported datatype: XSD_FLOAT)
04:19:21.258 |-WARN  in i.u.i.o.s.o.o.OWLAPITranslatorOWL2QL - Axiom does not belong to OWL 2 QL: DataPropertyRange(<https://w3id.org/brainteaser/ontology/schema/lesionsT1MRI> xsd:boolean) (unsupported datatype: XSD_BOOLEAN)
04:19:21.258 |-WARN  in i.u.i.o.s.o.o.OWLAPITranslatorOWL2QL - Axiom does not belong to OWL 2 QL: DataPropertyRange(<https://w3id.org/brainteaser/ontology/schema/bowelAndBladderRelapse> xsd:boolean) (unsupported datatype: XSD_BOOLEAN)
04:19:21.259 |-WARN  in i.u.i.o.s.o.o.OWLAPITranslatorOWL2QL - Axiom does not belong to OWL 2 QL: DataPropertyRange(<https://w3id.org/brainteaser/ontology/schema/generalizedOnset> xsd:boolean) (unsupported datatype: XSD_BOOLEAN)
04:19:21.259 |-WARN  in i.u.i.o.s.o.o.OWLAPITranslatorOWL2QL - Axiom does not belong to OWL 2 QL: DataPropertyRange(<https://w3id.org/brainteaser/ontology/schema/moreThan10PercentWeightloss> xsd:boolean) (unsupported datatype: XSD_BOOLEAN)
04:19:21.259 |-WARN  in i.u.i.o.s.o.o.OWLAPITranslatorOWL2QL - Axiom does not belong to OWL 2 QL: DataPropertyRange(<https://w3id.org/brainteaser/ontology/schema/concentrationMeasurement> xsd:float) (unsupported datatype: XSD_FLOAT)
04:19:21.259 |-WARN  in i.u.i.o.s.o.o.OWLAPITranslatorOWL2QL - Axiom does not belong to OWL 2 QL: DataPropertyRange(<https://w3id.org/brainteaser/ontology/schema/relapseImpactOnADL> xsd:boolean) (unsupported datatype: XSD_BOOLEAN)
04:19:21.260 |-WARN  in i.u.i.o.s.o.o.OWLAPITranslatorOWL2QL - Axiom does not belong to OWL 2 QL: DataPropertyRange(<https://w3id.org/brainteaser/ontology/schema/comorbiditySeverity> DataOneOf("life risk"^^xsd:string "moderate"^^xsd:string "serious"^^xsd:string "slight"^^xsd:string)) (unsupported OWLDataRange construct: DataOneOf("life risk"^^xsd:string "moderate"^^xsd:string "serious"^^xsd:string "slight"^^xsd:string))
04:19:21.260 |-WARN  in i.u.i.o.s.o.o.OWLAPITranslatorOWL2QL - Axiom does not belong to OWL 2 QL: DataPropertyRange(<https://w3id.org/brainteaser/ontology/schema/clinicallyEvaluatedEDSS> xsd:float) (unsupported datatype: XSD_FLOAT)
04:19:21.260 |-WARN  in i.u.i.o.s.o.o.OWLAPITranslatorOWL2QL - Axiom does not belong to OWL 2 QL: DataPropertyRange(<https://w3id.org/brainteaser/ontology/schema/pulmonaryAOPAbs> xsd:float) (unsupported datatype: XSD_FLOAT)
04:19:21.261 |-WARN  in i.u.i.o.s.o.o.OWLAPITranslatorOWL2QL - Axiom does not belong to OWL 2 QL: DataPropertyRange(<https://w3id.org/brainteaser/ontology/schema/evokedPotentialsResponse> DataOneOf("altered"^^xsd:string "normal"^^xsd:string)) (unsupported OWLDataRange construct: DataOneOf("altered"^^xsd:string "normal"^^xsd:string))
04:19:21.261 |-WARN  in i.u.i.o.s.o.o.OWLAPITranslatorOWL2QL - Axiom does not belong to OWL 2 QL: DataPropertyRange(<https://w3id.org/brainteaser/ontology/schema/brainsetmRelapse> xsd:boolean) (unsupported datatype: XSD_BOOLEAN)
04:19:21.261 |-WARN  in i.u.i.o.s.o.o.OWLAPITranslatorOWL2QL - Axiom does not belong to OWL 2 QL: DataPropertyRange(<https://w3id.org/brainteaser/ontology/schema/bodyMassIndex> xsd:float) (unsupported datatype: XSD_FLOAT)
04:19:21.262 |-WARN  in i.u.i.o.s.o.o.OWLAPITranslatorOWL2QL - Axiom does not belong to OWL 2 QL: DataPropertyRange(<https://w3id.org/brainteaser/ontology/schema/pathologicalJCCSF> xsd:boolean) (unsupported datatype: XSD_BOOLEAN)
04:19:21.262 |-WARN  in i.u.i.o.s.o.o.OWLAPITranslatorOWL2QL - Axiom does not belong to OWL 2 QL: DataPropertyRange(<https://w3id.org/brainteaser/ontology/schema/retiredAtDiagnosis> xsd:boolean) (unsupported datatype: XSD_BOOLEAN)
04:19:21.263 |-WARN  in i.u.i.o.s.o.o.OWLAPITranslatorOWL2QL - Axiom does not belong to OWL 2 QL: DataPropertyRange(<https://w3id.org/brainteaser/ontology/schema/alterationCSF> DataOneOf("atypical alteration for MS"^^xsd:string "normal"^^xsd:string "traumatic"^^xsd:string "typical alteration for MS"^^xsd:string)) (unsupported OWLDataRange construct: DataOneOf("atypical alteration for MS"^^xsd:string "normal"^^xsd:string "traumatic"^^xsd:string "typical alteration for MS"^^xsd:string))
04:19:21.263 |-WARN  in i.u.i.o.s.o.o.OWLAPITranslatorOWL2QL - Axiom does not belong to OWL 2 QL: DataPropertyRange(<https://w3id.org/brainteaser/ontology/schema/brainAtrophyMRI> DataOneOf("high"^^xsd:string "mild"^^xsd:string "moderate"^^xsd:string "none"^^xsd:string)) (unsupported OWLDataRange construct: DataOneOf("high"^^xsd:string "mild"^^xsd:string "moderate"^^xsd:string "none"^^xsd:string))
04:19:21.264 |-WARN  in i.u.i.o.s.o.o.OWLAPITranslatorOWL2QL - Axiom does not belong to OWL 2 QL: DataPropertyRange(<https://w3id.org/brainteaser/ontology/schema/predominantLimbsSide> DataOneOf("left"^^xsd:string "right"^^xsd:string "symmetric"^^xsd:string)) (unsupported OWLDataRange construct: DataOneOf("left"^^xsd:string "right"^^xsd:string "symmetric"^^xsd:string))
04:19:21.264 |-WARN  in i.u.i.o.s.o.o.OWLAPITranslatorOWL2QL - Axiom does not belong to OWL 2 QL: DataPropertyRange(<https://w3id.org/brainteaser/ontology/schema/adminstrationDose> xsd:float) (unsupported datatype: XSD_FLOAT)
04:19:21.264 |-WARN  in i.u.i.o.s.o.o.OWLAPITranslatorOWL2QL - Axiom does not belong to OWL 2 QL: DataPropertyRange(<https://w3id.org/brainteaser/ontology/schema/albuminCSF> xsd:float) (unsupported datatype: XSD_FLOAT)
04:19:21.265 |-WARN  in i.u.i.o.s.o.o.OWLAPITranslatorOWL2QL - Axiom does not belong to OWL 2 QL: DataPropertyRange(<https://w3id.org/brainteaser/ontology/schema/before20Years> xsd:boolean) (unsupported datatype: XSD_BOOLEAN)
04:19:21.265 |-WARN  in i.u.i.o.s.o.o.OWLAPITranslatorOWL2QL - Axiom does not belong to OWL 2 QL: DataPropertyRange(<https://w3id.org/brainteaser/ontology/schema/evokedPotentialsType> DataOneOf("auditory"^^xsd:string "motor"^^xsd:string "somatosensory"^^xsd:string "visual"^^xsd:string)) (unsupported OWLDataRange construct: DataOneOf("auditory"^^xsd:string "motor"^^xsd:string "somatosensory"^^xsd:string "visual"^^xsd:string))
04:19:21.265 |-WARN  in i.u.i.o.s.o.o.OWLAPITranslatorOWL2QL - Axiom does not belong to OWL 2 QL: DataPropertyRange(<https://w3id.org/brainteaser/ontology/schema/oligoclonalBandsPresence> xsd:boolean) (unsupported datatype: XSD_BOOLEAN)
04:19:21.265 |-WARN  in i.u.i.o.s.o.o.OWLAPITranslatorOWL2QL - Axiom does not belong to OWL 2 QL: DataPropertyRange(<https://w3id.org/brainteaser/ontology/schema/predominantLimbsImpairment> DataOneOf("both"^^xsd:string "distal"^^xsd:string "proximal"^^xsd:string)) (unsupported OWLDataRange construct: DataOneOf("both"^^xsd:string "distal"^^xsd:string "proximal"^^xsd:string))
04:19:21.266 |-WARN  in i.u.i.o.s.o.o.OWLAPITranslatorOWL2QL - Axiom does not belong to OWL 2 QL: DataPropertyRange(<https://w3id.org/brainteaser/ontology/schema/sex> DataOneOf("female"^^xsd:string "male"^^xsd:string)) (unsupported OWLDataRange construct: DataOneOf("female"^^xsd:string "male"^^xsd:string))
04:19:21.266 |-WARN  in i.u.i.o.s.o.o.OWLAPITranslatorOWL2QL - Axiom does not belong to OWL 2 QL: DataPropertyRange(<https://w3id.org/brainteaser/ontology/schema/oligoclonalBandsType> DataOneOf("in CSF"^^xsd:string "in CSF & serum"^^xsd:string)) (unsupported OWLDataRange construct: DataOneOf("in CSF"^^xsd:string "in CSF & serum"^^xsd:string))
04:19:21.266 |-WARN  in i.u.i.o.s.o.o.OWLAPITranslatorOWL2QL - Axiom does not belong to OWL 2 QL: DataPropertyRange(<https://w3id.org/brainteaser/ontology/schema/bulbarOnset> xsd:boolean) (unsupported datatype: XSD_BOOLEAN)
04:19:21.267 |-WARN  in i.u.i.o.s.o.o.OWLAPITranslatorOWL2QL - Axiom does not belong to OWL 2 QL: DataPropertyRange(<https://w3id.org/brainteaser/ontology/schema/height> xsd:float) (unsupported datatype: XSD_FLOAT)
04:19:21.267 |-WARN  in i.u.i.o.s.o.o.OWLAPITranslatorOWL2QL - Axiom does not belong to OWL 2 QL: DataPropertyRange(<https://w3id.org/brainteaser/ontology/schema/measuredLevel> xsd:float) (unsupported datatype: XSD_FLOAT)
04:19:21.268 |-WARN  in i.u.i.o.s.o.o.OWLAPITranslatorOWL2QL - Axiom does not belong to OWL 2 QL: DataPropertyRange(<https://w3id.org/brainteaser/ontology/schema/visualRelapse> xsd:boolean) (unsupported datatype: XSD_BOOLEAN)
04:19:21.268 |-WARN  in i.u.i.o.s.o.o.OWLAPITranslatorOWL2QL - Axiom does not belong to OWL 2 QL: DataPropertyRange(<https://w3id.org/brainteaser/ontology/schema/relapseClinicalTherapy> xsd:boolean) (unsupported datatype: XSD_BOOLEAN)
04:19:21.268 |-WARN  in i.u.i.o.s.o.o.OWLAPITranslatorOWL2QL - Axiom does not belong to OWL 2 QL: DataPropertyRange(<https://w3id.org/brainteaser/ontology/schema/positivityResult> xsd:boolean) (unsupported datatype: XSD_BOOLEAN)
04:19:21.269 |-WARN  in i.u.i.o.s.o.o.OWLAPITranslatorOWL2QL - Axiom does not belong to OWL 2 QL: DataPropertyRange(<https://w3id.org/brainteaser/ontology/schema/pulmonaryPO2> xsd:float) (unsupported datatype: XSD_FLOAT)
04:19:21.269 |-WARN  in i.u.i.o.s.o.o.OWLAPITranslatorOWL2QL - Axiom does not belong to OWL 2 QL: DataPropertyRange(<https://w3id.org/brainteaser/ontology/schema/pulmonaryPCO2> xsd:float) (unsupported datatype: XSD_FLOAT)
04:19:21.269 |-WARN  in i.u.i.o.s.o.o.OWLAPITranslatorOWL2QL - Axiom does not belong to OWL 2 QL: DataPropertyRange(<https://w3id.org/brainteaser/ontology/schema/visualEvokedPotentialAmplitude> xsd:float) (unsupported datatype: XSD_FLOAT)
04:19:21.269 |-WARN  in i.u.i.o.s.o.o.OWLAPITranslatorOWL2QL - Axiom does not belong to OWL 2 QL: DataPropertyRange(<https://w3id.org/brainteaser/ontology/schema/MSInPaediatricAge> xsd:boolean) (unsupported datatype: XSD_BOOLEAN)
04:19:21.270 |-WARN  in i.u.i.o.s.o.o.OWLAPITranslatorOWL2QL - Axiom does not belong to OWL 2 QL: DataPropertyRange(<https://w3id.org/brainteaser/ontology/schema/relapseCortisoneTherapy> xsd:boolean) (unsupported datatype: XSD_BOOLEAN)
04:19:21.270 |-WARN  in i.u.i.o.s.o.o.OWLAPITranslatorOWL2QL - Axiom does not belong to OWL 2 QL: DataPropertyRange(<https://w3id.org/brainteaser/ontology/schema/granulocytesCSF> xsd:float) (unsupported datatype: XSD_FLOAT)
04:19:21.270 |-WARN  in i.u.i.o.s.o.o.OWLAPITranslatorOWL2QL - Axiom does not belong to OWL 2 QL: DataPropertyRange(<https://w3id.org/brainteaser/ontology/schema/alive> xsd:boolean) (unsupported datatype: XSD_BOOLEAN)
04:19:21.270 |-WARN  in i.u.i.o.s.o.o.OWLAPITranslatorOWL2QL - Axiom does not belong to OWL 2 QL: DataPropertyRange(<https://w3id.org/brainteaser/ontology/schema/immunoglobulinGCSF> xsd:float) (unsupported datatype: XSD_FLOAT)
04:19:21.271 |-WARN  in i.u.i.o.s.o.o.OWLAPITranslatorOWL2QL - Axiom does not belong to OWL 2 QL: ObjectPropertyDomain(<https://w3id.org/brainteaser/ontology/schema/anatomicalLocation> ObjectUnionOf(<https://w3id.org/brainteaser/ontology/schema/DiagnosticImaging> <https://w3id.org/brainteaser/ontology/schema/Onset> <https://w3id.org/brainteaser/ontology/schema/SurgicalProcedure> <https://w3id.org/brainteaser/ontology/schema/Trauma>)) (unsupported operation in ObjectUnionOf(<https://w3id.org/brainteaser/ontology/schema/DiagnosticImaging> <https://w3id.org/brainteaser/ontology/schema/Onset> <https://w3id.org/brainteaser/ontology/schema/SurgicalProcedure> <https://w3id.org/brainteaser/ontology/schema/Trauma>))
04:19:21.359 |-WARN  in i.u.i.o.s.o.o.OWLAPITranslatorOWL2QL - Axiom does not belong to OWL 2 QL: ObjectPropertyRange(<http://www.w3.org/2004/02/skos/core#member> ObjectUnionOf(<http://www.w3.org/2004/02/skos/core#Collection> <http://www.w3.org/2004/02/skos/core#Concept>)) (unsupported operation in ObjectUnionOf(<http://www.w3.org/2004/02/skos/core#Collection> <http://www.w3.org/2004/02/skos/core#Concept>))
04:19:26.751 |-INFO  in i.u.i.o.a.r.impl.QuestQueryProcessor - Ontop has completed the setup and it is ready for query answering!
04:19:26.758 |-INFO  in i.u.i.o.r.r.i.OntopVirtualRepository - Ontop virtual repository initialized successfully!
04:19:27.720 |-INFO  in o.s.b.a.e.web.EndpointLinksResolver - Exposing 1 endpoint(s) beneath base path '/actuator'
04:19:27.795 |-INFO  in o.a.coyote.http11.Http11NioProtocol - Starting ProtocolHandler ["http-nio-8080"]
04:19:27.849 |-INFO  in o.s.b.w.e.tomcat.TomcatWebServer - Tomcat started on port(s): 8080 (http) with context path ''
04:19:27.874 |-INFO  in i.u.i.o.e.OntopEndpointApplication - Started OntopEndpointApplication in 15.887 seconds (JVM running for 18.282)
04:21:13.499 |-INFO  in o.a.c.c.C.[Tomcat].[localhost].[/] - Initializing Spring DispatcherServlet 'dispatcherServlet'
04:21:13.499 |-INFO  in o.s.web.servlet.DispatcherServlet - Initializing Servlet 'dispatcherServlet'
04:21:13.502 |-INFO  in o.s.web.servlet.DispatcherServlet - Completed initialization in 2 ms
05:53:29.901 |-INFO  in o.a.coyote.http11.Http11Processor - Error parsing HTTP request header
 Note: further occurrences of HTTP request parsing errors will be logged at DEBUG level.
java.lang.IllegalArgumentException: Invalid character found in method name [0x030x000x000x130x0e0xe00x000x000x000x000x000x010x000x080x000x020x000x000x000x030x000x010xd6...]. HTTP method names must be tokens
	at org.apache.coyote.http11.Http11InputBuffer.parseRequestLine(Http11InputBuffer.java:407)
	at org.apache.coyote.http11.Http11Processor.service(Http11Processor.java:269)
	at org.apache.coyote.AbstractProcessorLight.process(AbstractProcessorLight.java:63)
	at org.apache.coyote.AbstractProtocol$ConnectionHandler.process(AbstractProtocol.java:937)
	at org.apache.tomcat.util.net.NioEndpoint$SocketProcessor.doRun(NioEndpoint.java:1791)
	at org.apache.tomcat.util.net.SocketProcessorBase.run(SocketProcessorBase.java:52)
	at org.apache.tomcat.util.threads.ThreadPoolExecutor.runWorker(ThreadPoolExecutor.java:1190)
	at org.apache.tomcat.util.threads.ThreadPoolExecutor$Worker.run(ThreadPoolExecutor.java:659)
	at org.apache.tomcat.util.threads.TaskThread$WrappingRunnable.run(TaskThread.java:63)
	at java.base/java.lang.Thread.run(Thread.java:829)
06:23:42.703 |-INFO  in o.a.coyote.http11.Http11Processor - Error parsing HTTP request header
 Note: further occurrences of HTTP request parsing errors will be logged at DEBUG level.
java.lang.IllegalArgumentException: Invalid character found in method name [0x030x000x00/*0xe00x000x000x000x000x00Cookie: ]. HTTP method names must be tokens
	at org.apache.coyote.http11.Http11InputBuffer.parseRequestLine(Http11InputBuffer.java:407)
	at org.apache.coyote.http11.Http11Processor.service(Http11Processor.java:269)
	at org.apache.coyote.AbstractProcessorLight.process(AbstractProcessorLight.java:63)
	at org.apache.coyote.AbstractProtocol$ConnectionHandler.process(AbstractProtocol.java:937)
	at org.apache.tomcat.util.net.NioEndpoint$SocketProcessor.doRun(NioEndpoint.java:1791)
	at org.apache.tomcat.util.net.SocketProcessorBase.run(SocketProcessorBase.java:52)
	at org.apache.tomcat.util.threads.ThreadPoolExecutor.runWorker(ThreadPoolExecutor.java:1190)
	at org.apache.tomcat.util.threads.ThreadPoolExecutor$Worker.run(ThreadPoolExecutor.java:659)
	at org.apache.tomcat.util.threads.TaskThread$WrappingRunnable.run(TaskThread.java:63)
	at java.base/java.lang.Thread.run(Thread.java:829)
03:33:16.929 |-INFO  in o.a.coyote.http11.Http11Processor - Error parsing HTTP request header
 Note: further occurrences of HTTP request parsing errors will be logged at DEBUG level.
java.lang.IllegalArgumentException: Invalid character found in method name [0x050x010x00...]. HTTP method names must be tokens
	at org.apache.coyote.http11.Http11InputBuffer.parseRequestLine(Http11InputBuffer.java:407)
	at org.apache.coyote.http11.Http11Processor.service(Http11Processor.java:269)
	at org.apache.coyote.AbstractProcessorLight.process(AbstractProcessorLight.java:63)
	at org.apache.coyote.AbstractProtocol$ConnectionHandler.process(AbstractProtocol.java:937)
	at org.apache.tomcat.util.net.NioEndpoint$SocketProcessor.doRun(NioEndpoint.java:1791)
	at org.apache.tomcat.util.net.SocketProcessorBase.run(SocketProcessorBase.java:52)
	at org.apache.tomcat.util.threads.ThreadPoolExecutor.runWorker(ThreadPoolExecutor.java:1190)
	at org.apache.tomcat.util.threads.ThreadPoolExecutor$Worker.run(ThreadPoolExecutor.java:659)
	at org.apache.tomcat.util.threads.TaskThread$WrappingRunnable.run(TaskThread.java:63)
	at java.base/java.lang.Thread.run(Thread.java:829)
08:02:24.638 |-INFO  in o.a.coyote.http11.Http11Processor - Error parsing HTTP request header
 Note: further occurrences of HTTP request parsing errors will be logged at DEBUG level.
java.lang.IllegalArgumentException: Invalid character found in method name [0x0e0x000x000x000x000x000x000x000x000x000x000x000x000x000x000x00bbbb0100000001...]. HTTP method names must be tokens
	at org.apache.coyote.http11.Http11InputBuffer.parseRequestLine(Http11InputBuffer.java:407)
	at org.apache.coyote.http11.Http11Processor.service(Http11Processor.java:269)
	at org.apache.coyote.AbstractProcessorLight.process(AbstractProcessorLight.java:63)
	at org.apache.coyote.AbstractProtocol$ConnectionHandler.process(AbstractProtocol.java:937)
	at org.apache.tomcat.util.net.NioEndpoint$SocketProcessor.doRun(NioEndpoint.java:1791)
	at org.apache.tomcat.util.net.SocketProcessorBase.run(SocketProcessorBase.java:52)
	at org.apache.tomcat.util.threads.ThreadPoolExecutor.runWorker(ThreadPoolExecutor.java:1190)
	at org.apache.tomcat.util.threads.ThreadPoolExecutor$Worker.run(ThreadPoolExecutor.java:659)
	at org.apache.tomcat.util.threads.TaskThread$WrappingRunnable.run(TaskThread.java:63)
	at java.base/java.lang.Thread.run(Thread.java:829)
